GROUP,PACKAGE,CLASS,INSTRUCTION_MISSED,INSTRUCTION_COVERED,BRANCH_MISSED,BRANCH_COVERED,LINE_MISSED,LINE_COVERED,COMPLEXITY_MISSED,COMPLEXITY_COVERED,METHOD_MISSED,METHOD_COVERED
d13revision,sg.edu.nus.iss.d13revision.controllers,PersonController,0,103,3,5,0,26,3,10,0,9
d13revision,sg.edu.nus.iss.d13revision.controllers,DataController,0,103,0,4,0,28,0,8,0,6
d13revision,sg.edu.nus.iss.d13revision,D13revisionApplication,38,15,2,0,9,5,2,2,1,2
d13revision,sg.edu.nus.iss.d13revision.models,PersonForm,0,17,0,0,0,7,0,5,0,5
d13revision,sg.edu.nus.iss.d13revision.models,Person,27,33,0,0,13,9,5,5,5,5
d13revision,sg.edu.nus.iss.d13revision.services,PersonService,90,26,0,0,14,5,6,1,6,1
