<?xml version="1.0" encoding="UTF-8"?>
<testsuite xmlns:xsi="http://www.w3.org/2001/XMLSchema-instance" xsi:noNamespaceSchemaLocation="https://maven.apache.org/surefire/maven-surefire-plugin/xsd/surefire-test-report.xsd" version="3.0.2" name="sg.edu.nus.iss.d13revision.controllers.DataControllerTest" time="0.034" tests="4" errors="0" skipped="0" failures="0">
  <properties>
[...]
</properties>
  <testcase name="version_shouldContainVersion" classname="sg.edu.nus.iss.d13revision.controllers.DataControllerTest" time="0.005">
    <system-out><![CDATA[2026-01-31T14:33:42.988+08:00  INFO 24300 --- [           main] [,,]t.c.s.AnnotationConfigContextLoaderUtils : Could not detect default configuration classes for test class [sg.edu.nus.iss.d13revision.controllers.DataControllerTest]: DataControllerTest does not declare any static, non-private, non-final, nested classes annotated with @Configuration.
2026-01-31T14:33:42.991+08:00  INFO 24300 --- [           main] [,,].b.t.c.SpringBootTestContextBootstrapper : Found @SpringBootConfiguration sg.edu.nus.iss.d13revision.D13revisionApplication for test class sg.edu.nus.iss.d13revision.controllers.DataControllerTest
2026-01-31T14:33:42.994+08:00  INFO 24300 --- [           main] [,697da246652c33cd25ef59512e140fad,25ef59512e140fad]s.e.n.i.d.controllers.DataController     : Version endpoint called
]]></system-out>
  </testcase>
  <testcase name="currencies_shouldReturnArrayOf20Objects" classname="sg.edu.nus.iss.d13revision.controllers.DataControllerTest" time="0.007">
    <system-out><![CDATA[2026-01-31T14:33:43.000+08:00  INFO 24300 --- [           main] [,697da247bd55194556c3b4ce279eeb6d,56c3b4ce279eeb6d]s.e.n.i.d.controllers.DataController     : Currencies endpoint called
]]></system-out>
  </testcase>
  <testcase name="healthCheck_shouldReturnOk" classname="sg.edu.nus.iss.d13revision.controllers.DataControllerTest" time="0.003">
    <system-out><![CDATA[2026-01-31T14:33:43.008+08:00  INFO 24300 --- [           main] [,697da247c6864a752deeb2a704cea093,2deeb2a704cea093]s.e.n.i.d.controllers.DataController     : Health check endpoint called
]]></system-out>
  </testcase>
  <testcase name="nations_shouldReturnArrayOf10Objects" classname="sg.edu.nus.iss.d13revision.controllers.DataControllerTest" time="0.013">
    <system-out><![CDATA[2026-01-31T14:33:43.010+08:00  INFO 24300 --- [           main] [,697da247074d4bcbda445ddd9fcf7cab,da445ddd9fcf7cab]s.e.n.i.d.controllers.DataController     : Nations endpoint called
]]></system-out>
  </testcase>
</testsuite>